0 info it worked if it ends with ok
1 verbose cli [ 'C:\\Program Files\\nodejs\\node.exe',
1 verbose cli   'C:\\Users\\bim\\AppData\\Roaming\\npm\\node_modules\\npm\\bin\\npm-cli.js',
1 verbose cli   'run',
1 verbose cli   'dev' ]
2 info using npm@4.0.3
3 info using node@v8.9.4
4 verbose run-script [ 'predev', 'dev', 'postdev' ]
5 info lifecycle client@1.0.0~predev: client@1.0.0
6 silly lifecycle client@1.0.0~predev: no script for predev, continuing
7 info lifecycle client@1.0.0~dev: client@1.0.0
8 verbose lifecycle client@1.0.0~dev: unsafe-perm in lifecycle true
9 verbose lifecycle client@1.0.0~dev: PATH: C:\Users\bim\AppData\Roaming\npm\node_modules\npm\bin\node-gyp-bin;G:\Users\bim\Documents\IFOCOP\cours\beaverXman\beaverXman\client\node_modules\.bin;C:\Program Files (x86)\Common Files\Intel\Shared Libraries\redist\intel64\compiler;C:\ProgramData\Oracle\Java\javapath;C:\Program Files\ImageMagick-6.9.2-Q16;C:\WINDOWS\system32;C:\WINDOWS;C:\WINDOWS\System32\Wbem;C:\WINDOWS\System32\WindowsPowerShell\v1.0\;C:\Program Files (x86)\GNU\GnuPG\pub;C:\Program Files (x86)\GtkSharp\2.12\bin;C:\AquaDigitalPublishing;C:\Users\bim\AppData\Roaming\npm;C:\Users\bim\AppData\Local\atom\bin;C:\adb;C:\Program Files (x86)\Brackets\command;G:\suitcase\;C:\Program Files (x86)\Extensis\Suitcase Fusion\;C:\WINDOWS\system32;C:\WINDOWS;C:\WINDOWS\System32\Wbem;C:\WINDOWS\System32\WindowsPowerShell\v1.0\;C:\Program Files\Intel\WiFi\bin\;C:\Program Files\Common Files\Intel\WirelessCommon\;C:\Program Files\nodejs\;C:\ProgramData\chocolatey\bin;C:\Program Files\PuTTY\;C:\Program Files\Git\cmd;C:\Users\bim\AppData\Local\atom\bin;G:\Hugo\bin;C:\Users\bim\AppData\Local\Microsoft\WindowsApps;C:\Program Files\Intel\WiFi\bin\;C:\Program Files\Common Files\Intel\WirelessCommon\;C:\Users\bim\AppData\Roaming\npm;C:\mongodb\bin;C:\Users\bim\AppData\Local\.meteor;;C:\Program Files\Microsoft VS Code\bin
10 verbose lifecycle client@1.0.0~dev: CWD: G:\Users\bim\Documents\IFOCOP\cours\beaverXman\beaverXman\client
11 silly lifecycle client@1.0.0~dev: Args: [ '/d /s /c', 'webpack --mode development --w' ]
12 silly lifecycle client@1.0.0~dev: Returned: code: 3221225786  signal: null
13 info lifecycle client@1.0.0~dev: Failed to exec dev script
14 verbose stack Error: client@1.0.0 dev: `webpack --mode development --w`
14 verbose stack Exit status 3221225786
14 verbose stack     at EventEmitter.<anonymous> (C:\Users\bim\AppData\Roaming\npm\node_modules\npm\lib\utils\lifecycle.js:279:16)
14 verbose stack     at emitTwo (events.js:126:13)
14 verbose stack     at EventEmitter.emit (events.js:214:7)
14 verbose stack     at ChildProcess.<anonymous> (C:\Users\bim\AppData\Roaming\npm\node_modules\npm\lib\utils\spawn.js:40:14)
14 verbose stack     at emitTwo (events.js:126:13)
14 verbose stack     at ChildProcess.emit (events.js:214:7)
14 verbose stack     at maybeClose (internal/child_process.js:925:16)
14 verbose stack     at Process.ChildProcess._handle.onexit (internal/child_process.js:209:5)
15 verbose pkgid client@1.0.0
16 verbose cwd G:\Users\bim\Documents\IFOCOP\cours\beaverXman\beaverXman\client
17 error Windows_NT 10.0.16299
18 error argv "C:\\Program Files\\nodejs\\node.exe" "C:\\Users\\bim\\AppData\\Roaming\\npm\\node_modules\\npm\\bin\\npm-cli.js" "run" "dev"
19 error node v8.9.4
20 error npm  v4.0.3
21 error code ELIFECYCLE
22 error client@1.0.0 dev: `webpack --mode development --w`
22 error Exit status 3221225786
23 error Failed at the client@1.0.0 dev script 'webpack --mode development --w'.
23 error Make sure you have the latest version of node.js and npm installed.
23 error If you do, this is most likely a problem with the client package,
23 error not with npm itself.
23 error Tell the author that this fails on your system:
23 error     webpack --mode development --w
23 error You can get information on how to open an issue for this project with:
23 error     npm bugs client
23 error Or if that isn't available, you can get their info via:
23 error     npm owner ls client
23 error There is likely additional logging output above.
24 verbose exit [ 1, true ]
